<?xml version="1.0" encoding="UTF-8"?>
<!-- Generated by org.testng.reporters.JUnitXMLReporter -->
<testsuite hostname="PINKEJ" ignored="0" name="TestJenkins" tests="1" failures="0" timestamp="19 Jan 2022 07:53:47 GMT" time="3.688" errors="0">
  <testcase name="@BeforeTest initBrowser" time="3.615" classname="com.qa.TestClass">
    <failure type="org.openqa.selenium.SessionNotCreatedException" message="session not created
from disconnected: received Inspector.detached event
  (Session info: chrome=97.0.4692.71)
Build info: version: &amp;apos;3.141.59&amp;apos;, revision: &amp;apos;e82be7d358&amp;apos;, time: &amp;apos;2018-11-14T08:17:03&amp;apos;
System info: host: &amp;apos;PINKEJ&amp;apos;, ip: &amp;apos;192.168.1.27&amp;apos;, os.name: &amp;apos;Windows 8.1&amp;apos;, os.arch: &amp;apos;x86&amp;apos;, os.version: &amp;apos;6.3&amp;apos;, java.version: &amp;apos;1.8.0_202&amp;apos;
Driver info: driver.version: ChromeDriver
remote stacktrace: Backtrace:
	Ordinal0 [0x00C6FDC3+2555331]
	Ordinal0 [0x00C077F1+2127857]
	Ordinal0 [0x00B02E08+1060360]
	Ordinal0 [0x00AF5FC4+1007556]
	Ordinal0 [0x00AF5C03+1006595]
	Ordinal0 [0x00AF527D+1004157]
	Ordinal0 [0x00AF43FA+1000442]
	Ordinal0 [0x00AF46B6+1001142]
	Ordinal0 [0x00AF3F95+999317]
	Ordinal0 [0x00AFEEA4+1044132]
	Ordinal0 [0x00AF3F45+999237]
	Ordinal0 [0x00AF4E85+1003141]
	Ordinal0 [0x00AF43FA+1000442]
	Ordinal0 [0x00AF46B6+1001142]
	Ordinal0 [0x00AF3F95+999317]
	Ordinal0 [0x00AFCEA3+1035939]
	Ordinal0 [0x00AF3F45+999237]
	Ordinal0 [0x00AF4E85+1003141]
	Ordinal0 [0x00AF43FA+1000442]
	Ordinal0 [0x00AF46B6+1001142]
	Ordinal0 [0x00AF3F95+999317]
	Ordinal0 [0x00AFACA9+1027241]
	Ordinal0 [0x00AF3F45+999237]
	Ordinal0 [0x00AF4E85+1003141]
	Ordinal0 [0x00AF43FA+1000442]
	Ordinal0 [0x00AF46B6+1001142]
	Ordinal0 [0x00AF3F95+999317]
	Ordinal0 [0x00AFA02C+1024044]
	Ordinal0 [0x00AF3F45+999237]
	Ordinal0 [0x00AF4E85+1003141]
	Ordinal0 [0x00AF43FA+1000442]
	Ordinal0 [0x00AF46B6+1001142]
	Ordinal0 [0x00AF3F95+999317]
	Ordinal0 [0x00AEFA8D+981645]
	Ordinal0 [0x00AF3F45+999237]
	Ordinal0 [0x00AF3CD0+998608]
	Ordinal0 [0x00AF3A19+997913]
	Ordinal0 [0x00B04040+1065024]
	Ordinal0 [0x00B4D27B+1364603]
	Ordinal0 [0x00B4BE9A+1359514]
	Ordinal0 [0x00B47976+1341814]
	Ordinal0 [0x00B236B6+1193654]
	Ordinal0 [0x00B24546+1197382]
	GetHandleVerifier [0x00E09622+1619522]
	GetHandleVerifier [0x00EB882C+2336844]
	GetHandleVerifier [0x00D023E1+541697]
	GetHandleVerifier [0x00D01443+537699]
	Ordinal0 [0x00C0D18E+2150798]
	Ordinal0 [0x00C11518+2168088]
	Ordinal0 [0x00C11660+2168416]
	Ordinal0 [0x00C1B330+2208560]
	BaseThreadInitThunk [0x770317AD+18]
	AlpcRegisterCompletionListWorkerThread [0x77293AF4+178]
	AlpcRegisterCompletionListWorkerThread [0x77293ACD+139]
">
      <![CDATA[org.openqa.selenium.SessionNotCreatedException: session not created
from disconnected: received Inspector.detached event
  (Session info: chrome=97.0.4692.71)
Build info: version: '3.141.59', revision: 'e82be7d358', time: '2018-11-14T08:17:03'
System info: host: 'PINKEJ', ip: '192.168.1.27', os.name: 'Windows 8.1', os.arch: 'x86', os.version: '6.3', java.version: '1.8.0_202'
Driver info: driver.version: ChromeDriver
remote stacktrace: Backtrace:
	Ordinal0 [0x00C6FDC3+2555331]
	Ordinal0 [0x00C077F1+2127857]
	Ordinal0 [0x00B02E08+1060360]
	Ordinal0 [0x00AF5FC4+1007556]
	Ordinal0 [0x00AF5C03+1006595]
	Ordinal0 [0x00AF527D+1004157]
	Ordinal0 [0x00AF43FA+1000442]
	Ordinal0 [0x00AF46B6+1001142]
	Ordinal0 [0x00AF3F95+999317]
	Ordinal0 [0x00AFEEA4+1044132]
	Ordinal0 [0x00AF3F45+999237]
	Ordinal0 [0x00AF4E85+1003141]
	Ordinal0 [0x00AF43FA+1000442]
	Ordinal0 [0x00AF46B6+1001142]
	Ordinal0 [0x00AF3F95+999317]
	Ordinal0 [0x00AFCEA3+1035939]
	Ordinal0 [0x00AF3F45+999237]
	Ordinal0 [0x00AF4E85+1003141]
	Ordinal0 [0x00AF43FA+1000442]
	Ordinal0 [0x00AF46B6+1001142]
	Ordinal0 [0x00AF3F95+999317]
	Ordinal0 [0x00AFACA9+1027241]
	Ordinal0 [0x00AF3F45+999237]
	Ordinal0 [0x00AF4E85+1003141]
	Ordinal0 [0x00AF43FA+1000442]
	Ordinal0 [0x00AF46B6+1001142]
	Ordinal0 [0x00AF3F95+999317]
	Ordinal0 [0x00AFA02C+1024044]
	Ordinal0 [0x00AF3F45+999237]
	Ordinal0 [0x00AF4E85+1003141]
	Ordinal0 [0x00AF43FA+1000442]
	Ordinal0 [0x00AF46B6+1001142]
	Ordinal0 [0x00AF3F95+999317]
	Ordinal0 [0x00AEFA8D+981645]
	Ordinal0 [0x00AF3F45+999237]
	Ordinal0 [0x00AF3CD0+998608]
	Ordinal0 [0x00AF3A19+997913]
	Ordinal0 [0x00B04040+1065024]
	Ordinal0 [0x00B4D27B+1364603]
	Ordinal0 [0x00B4BE9A+1359514]
	Ordinal0 [0x00B47976+1341814]
	Ordinal0 [0x00B236B6+1193654]
	Ordinal0 [0x00B24546+1197382]
	GetHandleVerifier [0x00E09622+1619522]
	GetHandleVerifier [0x00EB882C+2336844]
	GetHandleVerifier [0x00D023E1+541697]
	GetHandleVerifier [0x00D01443+537699]
	Ordinal0 [0x00C0D18E+2150798]
	Ordinal0 [0x00C11518+2168088]
	Ordinal0 [0x00C11660+2168416]
	Ordinal0 [0x00C1B330+2208560]
	BaseThreadInitThunk [0x770317AD+18]
	AlpcRegisterCompletionListWorkerThread [0x77293AF4+178]
	AlpcRegisterCompletionListWorkerThread [0x77293ACD+139]

	at org.openqa.selenium.remote.W3CHandshakeResponse.lambda$errorHandler$0(W3CHandshakeResponse.java:62)
	at org.openqa.selenium.remote.HandshakeResponse.lambda$getResponseFunction$0(HandshakeResponse.java:30)
	at org.openqa.selenium.remote.ProtocolHandshake.lambda$createSession$0(ProtocolHandshake.java:126)
	at java.util.stream.ReferencePipeline$3$1.accept(Unknown Source)
	at java.util.Spliterators$ArraySpliterator.tryAdvance(Unknown Source)
	at java.util.stream.ReferencePipeline.forEachWithCancel(Unknown Source)
	at java.util.stream.AbstractPipeline.copyIntoWithCancel(Unknown Source)
	at java.util.stream.AbstractPipeline.copyInto(Unknown Source)
	at java.util.stream.AbstractPipeline.wrapAndCopyInto(Unknown Source)
	at java.util.stream.FindOps$FindOp.evaluateSequential(Unknown Source)
	at java.util.stream.AbstractPipeline.evaluate(Unknown Source)
	at java.util.stream.ReferencePipeline.findFirst(Unknown Source)
	at org.openqa.selenium.remote.ProtocolHandshake.createSession(ProtocolHandshake.java:128)
	at org.openqa.selenium.remote.ProtocolHandshake.createSession(ProtocolHandshake.java:74)
	at org.openqa.selenium.remote.HttpCommandExecutor.execute(HttpCommandExecutor.java:136)
	at org.openqa.selenium.remote.service.DriverCommandExecutor.execute(DriverCommandExecutor.java:83)
	at org.openqa.selenium.remote.RemoteWebDriver.execute(RemoteWebDriver.java:552)
	at org.openqa.selenium.remote.RemoteWebDriver.startSession(RemoteWebDriver.java:213)
	at org.openqa.selenium.remote.RemoteWebDriver.<init>(RemoteWebDriver.java:131)
	at org.openqa.selenium.chrome.ChromeDriver.<init>(ChromeDriver.java:181)
	at org.openqa.selenium.chrome.ChromeDriver.<init>(ChromeDriver.java:168)
	at org.openqa.selenium.chrome.ChromeDriver.<init>(ChromeDriver.java:123)
	at com.qa.TestClass.initBrowser(TestClass.java:18)
... Removed 27 stack frames]]>
    </failure>
  </testcase> <!-- @BeforeTest initBrowser -->
  <testcase name="launchUrl" time="0.0" classname="com.qa.TestClass">
    <skipped/>
  </testcase> <!-- launchUrl -->
</testsuite> <!-- TestJenkins -->
