<?xml version="1.0" encoding="UTF-8"?>
<testng-results skipped="1" failed="0" ignored="0" total="1" passed="0">
  <reporter-output>
  </reporter-output>
  <suite name="Test" duration-ms="3688" started-at="2022-01-19T07:53:44Z" finished-at="2022-01-19T07:53:47Z">
    <groups>
    </groups>
    <test name="TestJenkins" duration-ms="3688" started-at="2022-01-19T07:53:44Z" finished-at="2022-01-19T07:53:47Z">
      <class name="com.qa.TestClass">
        <test-method status="FAIL" signature="initBrowser()[pri:0, instance:com.qa.TestClass@1009542]" name="initBrowser" is-config="true" duration-ms="3615" started-at="2022-01-19T13:23:44Z" finished-at="2022-01-19T13:23:47Z">
          <exception class="org.openqa.selenium.SessionNotCreatedException">
            <message>
              <![CDATA[session not created
from disconnected: received Inspector.detached event
  (Session info: chrome=97.0.4692.71)
Build info: version: '3.141.59', revision: 'e82be7d358', time: '2018-11-14T08:17:03'
System info: host: 'PINKEJ', ip: '192.168.1.27', os.name: 'Windows 8.1', os.arch: 'x86', os.version: '6.3', java.version: '1.8.0_202'
Driver info: driver.version: ChromeDriver
remote stacktrace: Backtrace:
	Ordinal0 [0x00C6FDC3+2555331]
	Ordinal0 [0x00C077F1+2127857]
	Ordinal0 [0x00B02E08+1060360]
	Ordinal0 [0x00AF5FC4+1007556]
	Ordinal0 [0x00AF5C03+1006595]
	Ordinal0 [0x00AF527D+1004157]
	Ordinal0 [0x00AF43FA+1000442]
	Ordinal0 [0x00AF46B6+1001142]
	Ordinal0 [0x00AF3F95+999317]
	Ordinal0 [0x00AFEEA4+1044132]
	Ordinal0 [0x00AF3F45+999237]
	Ordinal0 [0x00AF4E85+1003141]
	Ordinal0 [0x00AF43FA+1000442]
	Ordinal0 [0x00AF46B6+1001142]
	Ordinal0 [0x00AF3F95+999317]
	Ordinal0 [0x00AFCEA3+1035939]
	Ordinal0 [0x00AF3F45+999237]
	Ordinal0 [0x00AF4E85+1003141]
	Ordinal0 [0x00AF43FA+1000442]
	Ordinal0 [0x00AF46B6+1001142]
	Ordinal0 [0x00AF3F95+999317]
	Ordinal0 [0x00AFACA9+1027241]
	Ordinal0 [0x00AF3F45+999237]
	Ordinal0 [0x00AF4E85+1003141]
	Ordinal0 [0x00AF43FA+1000442]
	Ordinal0 [0x00AF46B6+1001142]
	Ordinal0 [0x00AF3F95+999317]
	Ordinal0 [0x00AFA02C+1024044]
	Ordinal0 [0x00AF3F45+999237]
	Ordinal0 [0x00AF4E85+1003141]
	Ordinal0 [0x00AF43FA+1000442]
	Ordinal0 [0x00AF46B6+1001142]
	Ordinal0 [0x00AF3F95+999317]
	Ordinal0 [0x00AEFA8D+981645]
	Ordinal0 [0x00AF3F45+999237]
	Ordinal0 [0x00AF3CD0+998608]
	Ordinal0 [0x00AF3A19+997913]
	Ordinal0 [0x00B04040+1065024]
	Ordinal0 [0x00B4D27B+1364603]
	Ordinal0 [0x00B4BE9A+1359514]
	Ordinal0 [0x00B47976+1341814]
	Ordinal0 [0x00B236B6+1193654]
	Ordinal0 [0x00B24546+1197382]
	GetHandleVerifier [0x00E09622+1619522]
	GetHandleVerifier [0x00EB882C+2336844]
	GetHandleVerifier [0x00D023E1+541697]
	GetHandleVerifier [0x00D01443+537699]
	Ordinal0 [0x00C0D18E+2150798]
	Ordinal0 [0x00C11518+2168088]
	Ordinal0 [0x00C11660+2168416]
	Ordinal0 [0x00C1B330+2208560]
	BaseThreadInitThunk [0x770317AD+18]
	AlpcRegisterCompletionListWorkerThread [0x77293AF4+178]
	AlpcRegisterCompletionListWorkerThread [0x77293ACD+139]
]]>
            </message>
            <full-stacktrace>
              <![CDATA[org.openqa.selenium.SessionNotCreatedException: session not created
from disconnected: received Inspector.detached event
  (Session info: chrome=97.0.4692.71)
Build info: version: '3.141.59', revision: 'e82be7d358', time: '2018-11-14T08:17:03'
System info: host: 'PINKEJ', ip: '192.168.1.27', os.name: 'Windows 8.1', os.arch: 'x86', os.version: '6.3', java.version: '1.8.0_202'
Driver info: driver.version: ChromeDriver
remote stacktrace: Backtrace:
	Ordinal0 [0x00C6FDC3+2555331]
	Ordinal0 [0x00C077F1+2127857]
	Ordinal0 [0x00B02E08+1060360]
	Ordinal0 [0x00AF5FC4+1007556]
	Ordinal0 [0x00AF5C03+1006595]
	Ordinal0 [0x00AF527D+1004157]
	Ordinal0 [0x00AF43FA+1000442]
	Ordinal0 [0x00AF46B6+1001142]
	Ordinal0 [0x00AF3F95+999317]
	Ordinal0 [0x00AFEEA4+1044132]
	Ordinal0 [0x00AF3F45+999237]
	Ordinal0 [0x00AF4E85+1003141]
	Ordinal0 [0x00AF43FA+1000442]
	Ordinal0 [0x00AF46B6+1001142]
	Ordinal0 [0x00AF3F95+999317]
	Ordinal0 [0x00AFCEA3+1035939]
	Ordinal0 [0x00AF3F45+999237]
	Ordinal0 [0x00AF4E85+1003141]
	Ordinal0 [0x00AF43FA+1000442]
	Ordinal0 [0x00AF46B6+1001142]
	Ordinal0 [0x00AF3F95+999317]
	Ordinal0 [0x00AFACA9+1027241]
	Ordinal0 [0x00AF3F45+999237]
	Ordinal0 [0x00AF4E85+1003141]
	Ordinal0 [0x00AF43FA+1000442]
	Ordinal0 [0x00AF46B6+1001142]
	Ordinal0 [0x00AF3F95+999317]
	Ordinal0 [0x00AFA02C+1024044]
	Ordinal0 [0x00AF3F45+999237]
	Ordinal0 [0x00AF4E85+1003141]
	Ordinal0 [0x00AF43FA+1000442]
	Ordinal0 [0x00AF46B6+1001142]
	Ordinal0 [0x00AF3F95+999317]
	Ordinal0 [0x00AEFA8D+981645]
	Ordinal0 [0x00AF3F45+999237]
	Ordinal0 [0x00AF3CD0+998608]
	Ordinal0 [0x00AF3A19+997913]
	Ordinal0 [0x00B04040+1065024]
	Ordinal0 [0x00B4D27B+1364603]
	Ordinal0 [0x00B4BE9A+1359514]
	Ordinal0 [0x00B47976+1341814]
	Ordinal0 [0x00B236B6+1193654]
	Ordinal0 [0x00B24546+1197382]
	GetHandleVerifier [0x00E09622+1619522]
	GetHandleVerifier [0x00EB882C+2336844]
	GetHandleVerifier [0x00D023E1+541697]
	GetHandleVerifier [0x00D01443+537699]
	Ordinal0 [0x00C0D18E+2150798]
	Ordinal0 [0x00C11518+2168088]
	Ordinal0 [0x00C11660+2168416]
	Ordinal0 [0x00C1B330+2208560]
	BaseThreadInitThunk [0x770317AD+18]
	AlpcRegisterCompletionListWorkerThread [0x77293AF4+178]
	AlpcRegisterCompletionListWorkerThread [0x77293ACD+139]

	at sun.reflect.NativeConstructorAccessorImpl.newInstance0(Native Method)
	at sun.reflect.NativeConstructorAccessorImpl.newInstance(Unknown Source)
	at sun.reflect.DelegatingConstructorAccessorImpl.newInstance(Unknown Source)
	at java.lang.reflect.Constructor.newInstance(Unknown Source)
	at org.openqa.selenium.remote.W3CHandshakeResponse.lambda$errorHandler$0(W3CHandshakeResponse.java:62)
	at org.openqa.selenium.remote.HandshakeResponse.lambda$getResponseFunction$0(HandshakeResponse.java:30)
	at org.openqa.selenium.remote.ProtocolHandshake.lambda$createSession$0(ProtocolHandshake.java:126)
	at java.util.stream.ReferencePipeline$3$1.accept(Unknown Source)
	at java.util.Spliterators$ArraySpliterator.tryAdvance(Unknown Source)
	at java.util.stream.ReferencePipeline.forEachWithCancel(Unknown Source)
	at java.util.stream.AbstractPipeline.copyIntoWithCancel(Unknown Source)
	at java.util.stream.AbstractPipeline.copyInto(Unknown Source)
	at java.util.stream.AbstractPipeline.wrapAndCopyInto(Unknown Source)
	at java.util.stream.FindOps$FindOp.evaluateSequential(Unknown Source)
	at java.util.stream.AbstractPipeline.evaluate(Unknown Source)
	at java.util.stream.ReferencePipeline.findFirst(Unknown Source)
	at org.openqa.selenium.remote.ProtocolHandshake.createSession(ProtocolHandshake.java:128)
	at org.openqa.selenium.remote.ProtocolHandshake.createSession(ProtocolHandshake.java:74)
	at org.openqa.selenium.remote.HttpCommandExecutor.execute(HttpCommandExecutor.java:136)
	at org.openqa.selenium.remote.service.DriverCommandExecutor.execute(DriverCommandExecutor.java:83)
	at org.openqa.selenium.remote.RemoteWebDriver.execute(RemoteWebDriver.java:552)
	at org.openqa.selenium.remote.RemoteWebDriver.startSession(RemoteWebDriver.java:213)
	at org.openqa.selenium.remote.RemoteWebDriver.<init>(RemoteWebDriver.java:131)
	at org.openqa.selenium.chrome.ChromeDriver.<init>(ChromeDriver.java:181)
	at org.openqa.selenium.chrome.ChromeDriver.<init>(ChromeDriver.java:168)
	at org.openqa.selenium.chrome.ChromeDriver.<init>(ChromeDriver.java:123)
	at com.qa.TestClass.initBrowser(TestClass.java:18)
	at sun.reflect.NativeMethodAccessorImpl.invoke0(Native Method)
	at sun.reflect.NativeMethodAccessorImpl.invoke(Unknown Source)
	at sun.reflect.DelegatingMethodAccessorImpl.invoke(Unknown Source)
	at java.lang.reflect.Method.invoke(Unknown Source)
	at org.testng.internal.MethodInvocationHelper.invokeMethod(MethodInvocationHelper.java:108)
	at org.testng.internal.Invoker.invokeConfigurationMethod(Invoker.java:523)
	at org.testng.internal.Invoker.invokeConfigurations(Invoker.java:224)
	at org.testng.internal.Invoker.invokeConfigurations(Invoker.java:146)
	at org.testng.TestRunner.beforeRun(TestRunner.java:626)
	at org.testng.TestRunner.run(TestRunner.java:594)
	at org.testng.SuiteRunner.runTest(SuiteRunner.java:380)
	at org.testng.SuiteRunner.runSequentially(SuiteRunner.java:375)
	at org.testng.SuiteRunner.privateRun(SuiteRunner.java:340)
	at org.testng.SuiteRunner.run(SuiteRunner.java:289)
	at org.testng.SuiteRunnerWorker.runSuite(SuiteRunnerWorker.java:52)
	at org.testng.SuiteRunnerWorker.run(SuiteRunnerWorker.java:86)
	at org.testng.TestNG.runSuitesSequentially(TestNG.java:1301)
	at org.testng.TestNG.runSuitesLocally(TestNG.java:1226)
	at org.testng.TestNG.runSuites(TestNG.java:1144)
	at org.testng.TestNG.run(TestNG.java:1115)
	at org.testng.remote.AbstractRemoteTestNG.run(AbstractRemoteTestNG.java:132)
	at org.testng.remote.RemoteTestNG.initAndRun(RemoteTestNG.java:230)
	at org.testng.remote.RemoteTestNG.main(RemoteTestNG.java:76)
]]>
            </full-stacktrace>
          </exception> <!-- org.openqa.selenium.SessionNotCreatedException -->
          <reporter-output>
          </reporter-output>
        </test-method> <!-- initBrowser -->
        <test-method status="SKIP" signature="launchUrl()[pri:0, instance:com.qa.TestClass@1009542]" name="launchUrl" duration-ms="0" started-at="2022-01-19T13:23:47Z" finished-at="2022-01-19T13:23:47Z">
          <exception class="org.openqa.selenium.SessionNotCreatedException">
            <message>
              <![CDATA[session not created
from disconnected: received Inspector.detached event
  (Session info: chrome=97.0.4692.71)
Build info: version: '3.141.59', revision: 'e82be7d358', time: '2018-11-14T08:17:03'
System info: host: 'PINKEJ', ip: '192.168.1.27', os.name: 'Windows 8.1', os.arch: 'x86', os.version: '6.3', java.version: '1.8.0_202'
Driver info: driver.version: ChromeDriver
remote stacktrace: Backtrace:
	Ordinal0 [0x00C6FDC3+2555331]
	Ordinal0 [0x00C077F1+2127857]
	Ordinal0 [0x00B02E08+1060360]
	Ordinal0 [0x00AF5FC4+1007556]
	Ordinal0 [0x00AF5C03+1006595]
	Ordinal0 [0x00AF527D+1004157]
	Ordinal0 [0x00AF43FA+1000442]
	Ordinal0 [0x00AF46B6+1001142]
	Ordinal0 [0x00AF3F95+999317]
	Ordinal0 [0x00AFEEA4+1044132]
	Ordinal0 [0x00AF3F45+999237]
	Ordinal0 [0x00AF4E85+1003141]
	Ordinal0 [0x00AF43FA+1000442]
	Ordinal0 [0x00AF46B6+1001142]
	Ordinal0 [0x00AF3F95+999317]
	Ordinal0 [0x00AFCEA3+1035939]
	Ordinal0 [0x00AF3F45+999237]
	Ordinal0 [0x00AF4E85+1003141]
	Ordinal0 [0x00AF43FA+1000442]
	Ordinal0 [0x00AF46B6+1001142]
	Ordinal0 [0x00AF3F95+999317]
	Ordinal0 [0x00AFACA9+1027241]
	Ordinal0 [0x00AF3F45+999237]
	Ordinal0 [0x00AF4E85+1003141]
	Ordinal0 [0x00AF43FA+1000442]
	Ordinal0 [0x00AF46B6+1001142]
	Ordinal0 [0x00AF3F95+999317]
	Ordinal0 [0x00AFA02C+1024044]
	Ordinal0 [0x00AF3F45+999237]
	Ordinal0 [0x00AF4E85+1003141]
	Ordinal0 [0x00AF43FA+1000442]
	Ordinal0 [0x00AF46B6+1001142]
	Ordinal0 [0x00AF3F95+999317]
	Ordinal0 [0x00AEFA8D+981645]
	Ordinal0 [0x00AF3F45+999237]
	Ordinal0 [0x00AF3CD0+998608]
	Ordinal0 [0x00AF3A19+997913]
	Ordinal0 [0x00B04040+1065024]
	Ordinal0 [0x00B4D27B+1364603]
	Ordinal0 [0x00B4BE9A+1359514]
	Ordinal0 [0x00B47976+1341814]
	Ordinal0 [0x00B236B6+1193654]
	Ordinal0 [0x00B24546+1197382]
	GetHandleVerifier [0x00E09622+1619522]
	GetHandleVerifier [0x00EB882C+2336844]
	GetHandleVerifier [0x00D023E1+541697]
	GetHandleVerifier [0x00D01443+537699]
	Ordinal0 [0x00C0D18E+2150798]
	Ordinal0 [0x00C11518+2168088]
	Ordinal0 [0x00C11660+2168416]
	Ordinal0 [0x00C1B330+2208560]
	BaseThreadInitThunk [0x770317AD+18]
	AlpcRegisterCompletionListWorkerThread [0x77293AF4+178]
	AlpcRegisterCompletionListWorkerThread [0x77293ACD+139]
]]>
            </message>
            <full-stacktrace>
              <![CDATA[org.openqa.selenium.SessionNotCreatedException: session not created
from disconnected: received Inspector.detached event
  (Session info: chrome=97.0.4692.71)
Build info: version: '3.141.59', revision: 'e82be7d358', time: '2018-11-14T08:17:03'
System info: host: 'PINKEJ', ip: '192.168.1.27', os.name: 'Windows 8.1', os.arch: 'x86', os.version: '6.3', java.version: '1.8.0_202'
Driver info: driver.version: ChromeDriver
remote stacktrace: Backtrace:
	Ordinal0 [0x00C6FDC3+2555331]
	Ordinal0 [0x00C077F1+2127857]
	Ordinal0 [0x00B02E08+1060360]
	Ordinal0 [0x00AF5FC4+1007556]
	Ordinal0 [0x00AF5C03+1006595]
	Ordinal0 [0x00AF527D+1004157]
	Ordinal0 [0x00AF43FA+1000442]
	Ordinal0 [0x00AF46B6+1001142]
	Ordinal0 [0x00AF3F95+999317]
	Ordinal0 [0x00AFEEA4+1044132]
	Ordinal0 [0x00AF3F45+999237]
	Ordinal0 [0x00AF4E85+1003141]
	Ordinal0 [0x00AF43FA+1000442]
	Ordinal0 [0x00AF46B6+1001142]
	Ordinal0 [0x00AF3F95+999317]
	Ordinal0 [0x00AFCEA3+1035939]
	Ordinal0 [0x00AF3F45+999237]
	Ordinal0 [0x00AF4E85+1003141]
	Ordinal0 [0x00AF43FA+1000442]
	Ordinal0 [0x00AF46B6+1001142]
	Ordinal0 [0x00AF3F95+999317]
	Ordinal0 [0x00AFACA9+1027241]
	Ordinal0 [0x00AF3F45+999237]
	Ordinal0 [0x00AF4E85+1003141]
	Ordinal0 [0x00AF43FA+1000442]
	Ordinal0 [0x00AF46B6+1001142]
	Ordinal0 [0x00AF3F95+999317]
	Ordinal0 [0x00AFA02C+1024044]
	Ordinal0 [0x00AF3F45+999237]
	Ordinal0 [0x00AF4E85+1003141]
	Ordinal0 [0x00AF43FA+1000442]
	Ordinal0 [0x00AF46B6+1001142]
	Ordinal0 [0x00AF3F95+999317]
	Ordinal0 [0x00AEFA8D+981645]
	Ordinal0 [0x00AF3F45+999237]
	Ordinal0 [0x00AF3CD0+998608]
	Ordinal0 [0x00AF3A19+997913]
	Ordinal0 [0x00B04040+1065024]
	Ordinal0 [0x00B4D27B+1364603]
	Ordinal0 [0x00B4BE9A+1359514]
	Ordinal0 [0x00B47976+1341814]
	Ordinal0 [0x00B236B6+1193654]
	Ordinal0 [0x00B24546+1197382]
	GetHandleVerifier [0x00E09622+1619522]
	GetHandleVerifier [0x00EB882C+2336844]
	GetHandleVerifier [0x00D023E1+541697]
	GetHandleVerifier [0x00D01443+537699]
	Ordinal0 [0x00C0D18E+2150798]
	Ordinal0 [0x00C11518+2168088]
	Ordinal0 [0x00C11660+2168416]
	Ordinal0 [0x00C1B330+2208560]
	BaseThreadInitThunk [0x770317AD+18]
	AlpcRegisterCompletionListWorkerThread [0x77293AF4+178]
	AlpcRegisterCompletionListWorkerThread [0x77293ACD+139]

	at sun.reflect.NativeConstructorAccessorImpl.newInstance0(Native Method)
	at sun.reflect.NativeConstructorAccessorImpl.newInstance(Unknown Source)
	at sun.reflect.DelegatingConstructorAccessorImpl.newInstance(Unknown Source)
	at java.lang.reflect.Constructor.newInstance(Unknown Source)
	at org.openqa.selenium.remote.W3CHandshakeResponse.lambda$errorHandler$0(W3CHandshakeResponse.java:62)
	at org.openqa.selenium.remote.HandshakeResponse.lambda$getResponseFunction$0(HandshakeResponse.java:30)
	at org.openqa.selenium.remote.ProtocolHandshake.lambda$createSession$0(ProtocolHandshake.java:126)
	at java.util.stream.ReferencePipeline$3$1.accept(Unknown Source)
	at java.util.Spliterators$ArraySpliterator.tryAdvance(Unknown Source)
	at java.util.stream.ReferencePipeline.forEachWithCancel(Unknown Source)
	at java.util.stream.AbstractPipeline.copyIntoWithCancel(Unknown Source)
	at java.util.stream.AbstractPipeline.copyInto(Unknown Source)
	at java.util.stream.AbstractPipeline.wrapAndCopyInto(Unknown Source)
	at java.util.stream.FindOps$FindOp.evaluateSequential(Unknown Source)
	at java.util.stream.AbstractPipeline.evaluate(Unknown Source)
	at java.util.stream.ReferencePipeline.findFirst(Unknown Source)
	at org.openqa.selenium.remote.ProtocolHandshake.createSession(ProtocolHandshake.java:128)
	at org.openqa.selenium.remote.ProtocolHandshake.createSession(ProtocolHandshake.java:74)
	at org.openqa.selenium.remote.HttpCommandExecutor.execute(HttpCommandExecutor.java:136)
	at org.openqa.selenium.remote.service.DriverCommandExecutor.execute(DriverCommandExecutor.java:83)
	at org.openqa.selenium.remote.RemoteWebDriver.execute(RemoteWebDriver.java:552)
	at org.openqa.selenium.remote.RemoteWebDriver.startSession(RemoteWebDriver.java:213)
	at org.openqa.selenium.remote.RemoteWebDriver.<init>(RemoteWebDriver.java:131)
	at org.openqa.selenium.chrome.ChromeDriver.<init>(ChromeDriver.java:181)
	at org.openqa.selenium.chrome.ChromeDriver.<init>(ChromeDriver.java:168)
	at org.openqa.selenium.chrome.ChromeDriver.<init>(ChromeDriver.java:123)
	at com.qa.TestClass.initBrowser(TestClass.java:18)
	at sun.reflect.NativeMethodAccessorImpl.invoke0(Native Method)
	at sun.reflect.NativeMethodAccessorImpl.invoke(Unknown Source)
	at sun.reflect.DelegatingMethodAccessorImpl.invoke(Unknown Source)
	at java.lang.reflect.Method.invoke(Unknown Source)
	at org.testng.internal.MethodInvocationHelper.invokeMethod(MethodInvocationHelper.java:108)
	at org.testng.internal.Invoker.invokeConfigurationMethod(Invoker.java:523)
	at org.testng.internal.Invoker.invokeConfigurations(Invoker.java:224)
	at org.testng.internal.Invoker.invokeConfigurations(Invoker.java:146)
	at org.testng.TestRunner.beforeRun(TestRunner.java:626)
	at org.testng.TestRunner.run(TestRunner.java:594)
	at org.testng.SuiteRunner.runTest(SuiteRunner.java:380)
	at org.testng.SuiteRunner.runSequentially(SuiteRunner.java:375)
	at org.testng.SuiteRunner.privateRun(SuiteRunner.java:340)
	at org.testng.SuiteRunner.run(SuiteRunner.java:289)
	at org.testng.SuiteRunnerWorker.runSuite(SuiteRunnerWorker.java:52)
	at org.testng.SuiteRunnerWorker.run(SuiteRunnerWorker.java:86)
	at org.testng.TestNG.runSuitesSequentially(TestNG.java:1301)
	at org.testng.TestNG.runSuitesLocally(TestNG.java:1226)
	at org.testng.TestNG.runSuites(TestNG.java:1144)
	at org.testng.TestNG.run(TestNG.java:1115)
	at org.testng.remote.AbstractRemoteTestNG.run(AbstractRemoteTestNG.java:132)
	at org.testng.remote.RemoteTestNG.initAndRun(RemoteTestNG.java:230)
	at org.testng.remote.RemoteTestNG.main(RemoteTestNG.java:76)
]]>
            </full-stacktrace>
          </exception> <!-- org.openqa.selenium.SessionNotCreatedException -->
          <reporter-output>
          </reporter-output>
        </test-method> <!-- launchUrl -->
      </class> <!-- com.qa.TestClass -->
    </test> <!-- TestJenkins -->
  </suite> <!-- Test -->
</testng-results>
